<?xml version="1.0" encoding="UTF-8"?>
<!-- Generated by org.testng.reporters.JUnitReportReporter -->
<testsuite hostname="Priyam" failures="0" tests="3" name="com.datadriven.framework.test.LoginTest.loginTest" time="63.177" errors="0" timestamp="2020-10-29T11:31:32 IST" skipped="0">
  <testcase classname="com.datadriven.framework.test.LoginTest.loginTest" name="testOne" time="37.103"/>
  <system-out/>
  <testcase classname="com.datadriven.framework.test.LoginTest.loginTest" name="testThree" time="17.023"/>
  <system-out/>
  <testcase classname="com.datadriven.framework.test.LoginTest.loginTest" name="testTwo" time="9.051"/>
  <system-out/>
</testsuite> <!-- com.datadriven.framework.test.LoginTest.loginTest -->
